<?xml version="1.0" encoding="UTF-8"?>
<!-- Generated by org.testng.reporters.JUnitReportReporter -->
<testsuite hostname="Viveks-MacBook-Pro.local" failures="0" tests="1" name="testcases.Test4" time="3.582" errors="0" timestamp="13 Oct 2023 03:22:50 GMT" skipped="0">
  <testcase classname="testcases.Test4" name="test4_ButtonStates" time="3.582"/>
</testsuite> <!-- testcases.Test4 -->
