<?xml version="1.0" encoding="UTF-8"?>
<!-- Generated by org.testng.reporters.JUnitReportReporter -->
<testsuite hostname="Viveks-MacBook-Pro.local" failures="0" tests="1" name="testcases.Test2" time="3.628" errors="0" timestamp="13 Oct 2023 03:22:50 GMT" skipped="0">
  <testcase classname="testcases.Test2" name="test2_ListItems" time="3.628"/>
</testsuite> <!-- testcases.Test2 -->
