<?xml version="1.0" encoding="UTF-8"?>
<!-- Generated by org.testng.reporters.JUnitReportReporter -->
<testsuite hostname="Viveks-MacBook-Pro.local" failures="0" tests="1" name="testcases.Test1" time="4.604" errors="0" timestamp="13 Oct 2023 03:22:50 GMT" skipped="0">
  <testcase classname="testcases.Test1" name="test1_Login" time="4.604"/>
</testsuite> <!-- testcases.Test1 -->
