<?xml version="1.0" encoding="UTF-8"?>
<!-- Generated by org.testng.reporters.JUnitReportReporter -->
<testsuite hostname="Viveks-MacBook-Pro.local" failures="0" tests="1" name="testcases.Test3" time="3.722" errors="0" timestamp="13 Oct 2023 03:22:50 GMT" skipped="0">
  <testcase classname="testcases.Test3" name="testCustomDropdown" time="3.722"/>
</testsuite> <!-- testcases.Test3 -->
