<?xml version="1.0" encoding="UTF-8"?>
<!-- Generated by org.testng.reporters.JUnitReportReporter -->
<testsuite hostname="Viveks-MacBook-Pro.local" failures="0" tests="1" name="testcases.Test6" time="3.574" errors="0" timestamp="13 Oct 2023 03:22:50 GMT" skipped="0">
  <testcase classname="testcases.Test6" name="test6_GetCellValue" time="3.574"/>
</testsuite> <!-- testcases.Test6 -->
