<?xml version="1.0" encoding="UTF-8"?>
<!-- Generated by org.testng.reporters.JUnitReportReporter -->
<testsuite hostname="Viveks-MacBook-Pro.local" failures="0" tests="1" name="testcases.Test2" time="3.704" errors="0" timestamp="2023-10-11T14:55:11 GMT-06:00" skipped="0">
  <testcase classname="testcases.Test2" name="test2_ListItems" time="3.704"/>
</testsuite> <!-- testcases.Test2 -->
